          1 file(s) copied.
          1 file(s) copied.
          1 file(s) copied.
          1 file(s) copied.
          1 file(s) copied.
          1 file(s) copied.
  A subdirectory or file C:\Users\Student\Desktop\FinalProject\x64\Debug Dynamic\resources already exists.
  C:\Users\Student\Desktop\FinalProject\resources\ball.wav
  C:\Users\Student\Desktop\FinalProject\resources\sansation.ttf
          2 file(s) copied.
  main.cpp
c:\users\student\desktop\finalproject\main.cpp(174): warning C4244: 'initializing': conversion from 'double' to 'int', possible loss of data
c:\users\student\desktop\finalproject\main.cpp(181): warning C4804: '%': unsafe use of type 'bool' in operation
c:\users\student\desktop\finalproject\main.cpp(303): warning C4244: '=': conversion from 'int' to 'T', possible loss of data
          with
          [
              T=float
          ]
c:\users\student\desktop\finalproject\main.cpp(311): warning C4244: '=': conversion from 'int' to 'T', possible loss of data
          with
          [
              T=float
          ]
c:\users\student\desktop\finalproject\main.cpp(316): warning C4244: '=': conversion from 'int' to 'T', possible loss of data
          with
          [
              T=float
          ]
c:\users\student\desktop\finalproject\main.cpp(317): warning C4244: '=': conversion from 'double' to 'T', possible loss of data
          with
          [
              T=float
          ]
c:\users\student\desktop\finalproject\main.cpp(321): warning C4244: '=': conversion from 'int' to 'T', possible loss of data
          with
          [
              T=float
          ]
c:\users\student\desktop\finalproject\main.cpp(322): warning C4244: '=': conversion from 'double' to 'T', possible loss of data
          with
          [
              T=float
          ]
c:\users\student\desktop\finalproject\main.cpp(325): warning C4244: '=': conversion from 'int' to 'T', possible loss of data
          with
          [
              T=float
          ]
c:\users\student\desktop\finalproject\main.cpp(326): warning C4244: '=': conversion from 'double' to 'T', possible loss of data
          with
          [
              T=float
          ]
c:\users\student\desktop\finalproject\main.cpp(335): warning C4244: 'argument': conversion from 'double' to 'T', possible loss of data
          with
          [
              T=int
          ]
c:\users\student\desktop\finalproject\main.cpp(336): warning C4244: 'argument': conversion from 'double' to 'T', possible loss of data
          with
          [
              T=int
          ]
c:\users\student\desktop\finalproject\main.cpp(337): warning C4244: 'argument': conversion from 'double' to 'T', possible loss of data
          with
          [
              T=int
          ]
c:\users\student\desktop\finalproject\main.cpp(343): warning C4244: 'argument': conversion from 'double' to 'T', possible loss of data
          with
          [
              T=int
          ]
c:\users\student\desktop\finalproject\main.cpp(346): warning C4244: 'argument': conversion from 'double' to 'T', possible loss of data
          with
          [
              T=int
          ]
c:\users\student\desktop\finalproject\main.cpp(349): warning C4244: 'argument': conversion from 'double' to 'T', possible loss of data
          with
          [
              T=int
          ]
c:\users\student\desktop\finalproject\main.cpp(395): warning C4305: 'argument': truncation from 'double' to 'float'
c:\users\student\desktop\finalproject\main.cpp(533): warning C4244: '=': conversion from 'T' to 'T', possible loss of data
          with
          [
              T=float
          ]
          and
          [
              T=int
          ]
c:\users\student\desktop\finalproject\main.cpp(534): warning C4244: '=': conversion from 'T' to 'T', possible loss of data
          with
          [
              T=float
          ]
          and
          [
              T=int
          ]
c:\users\student\desktop\finalproject\main.cpp(537): warning C4244: '=': conversion from 'T' to 'T', possible loss of data
          with
          [
              T=float
          ]
          and
          [
              T=int
          ]
c:\users\student\desktop\finalproject\main.cpp(538): warning C4244: '=': conversion from 'T' to 'T', possible loss of data
          with
          [
              T=float
          ]
          and
          [
              T=int
          ]
c:\users\student\desktop\finalproject\main.cpp(552): warning C4244: '=': conversion from 'T' to 'T', possible loss of data
          with
          [
              T=float
          ]
          and
          [
              T=int
          ]
c:\users\student\desktop\finalproject\main.cpp(553): warning C4244: '=': conversion from 'T' to 'T', possible loss of data
          with
          [
              T=float
          ]
          and
          [
              T=int
          ]
c:\users\student\desktop\finalproject\main.cpp(556): warning C4244: '=': conversion from 'T' to 'T', possible loss of data
          with
          [
              T=float
          ]
          and
          [
              T=int
          ]
c:\users\student\desktop\finalproject\main.cpp(557): warning C4244: '=': conversion from 'T' to 'T', possible loss of data
          with
          [
              T=float
          ]
          and
          [
              T=int
          ]
c:\users\student\desktop\finalproject\main.cpp(761): warning C4244: 'initializing': conversion from 'T' to 'int', possible loss of data
          with
          [
              T=float
          ]
c:\users\student\desktop\finalproject\main.cpp(762): warning C4244: 'initializing': conversion from 'T' to 'int', possible loss of data
          with
          [
              T=float
          ]
c:\users\student\desktop\finalproject\main.cpp(811): warning C4244: 'initializing': conversion from 'T' to 'int', possible loss of data
          with
          [
              T=float
          ]
c:\users\student\desktop\finalproject\main.cpp(812): warning C4244: 'initializing': conversion from 'T' to 'int', possible loss of data
          with
          [
              T=float
          ]
c:\users\student\desktop\finalproject\main.cpp(815): warning C4244: '=': conversion from 'float' to 'int', possible loss of data
c:\users\student\desktop\finalproject\main.cpp(880): warning C4244: '+=': conversion from 'float' to 'int', possible loss of data
c:\users\student\desktop\finalproject\main.cpp(882): warning C4244: 'argument': conversion from 'T' to 'int', possible loss of data
          with
          [
              T=float
          ]
c:\users\student\desktop\finalproject\main.cpp(970): warning C4244: 'argument': conversion from 'int' to 'float', possible loss of data
c:\users\student\desktop\finalproject\main.cpp(981): warning C4244: 'argument': conversion from 'int' to 'float', possible loss of data
c:\users\student\desktop\finalproject\main.cpp(991): warning C4244: 'argument': conversion from 'int' to 'float', possible loss of data
c:\users\student\desktop\finalproject\main.cpp(1126): warning C4244: 'argument': conversion from 'T' to 'float', possible loss of data
          with
          [
              T=int
          ]
c:\users\student\desktop\finalproject\main.cpp(1139): warning C4244: 'argument': conversion from 'int' to 'float', possible loss of data
c:\users\student\desktop\finalproject\main.cpp(1146): warning C4244: '=': conversion from 'double' to 'int', possible loss of data
c:\users\student\desktop\finalproject\main.cpp(1152): warning C4244: '=': conversion from 'double' to 'int', possible loss of data
c:\users\student\desktop\finalproject\main.cpp(1153): warning C4244: 'argument': conversion from 'int' to 'float', possible loss of data
c:\users\student\desktop\finalproject\main.cpp(1160): warning C4244: '=': conversion from 'double' to 'int', possible loss of data
c:\users\student\desktop\finalproject\main.cpp(1167): warning C4244: '=': conversion from 'double' to 'int', possible loss of data
c:\users\student\desktop\finalproject\main.cpp(1180): warning C4244: '=': conversion from 'double' to 'int', possible loss of data
c:\users\student\desktop\finalproject\main.cpp(1192): warning C4244: 'argument': conversion from 'T' to 'float', possible loss of data
          with
          [
              T=int
          ]
c:\users\student\desktop\finalproject\main.cpp(1192): warning C4244: 'argument': conversion from 'int' to 'float', possible loss of data
c:\users\student\desktop\finalproject\main.cpp(1251): warning C4244: 'argument': conversion from 'int' to 'float', possible loss of data
c:\users\student\desktop\finalproject\main.cpp(1266): warning C4244: 'initializing': conversion from 'T' to 'int', possible loss of data
          with
          [
              T=float
          ]
c:\users\student\desktop\finalproject\main.cpp(1267): warning C4244: 'initializing': conversion from 'T' to 'int', possible loss of data
          with
          [
              T=float
          ]
c:\users\student\desktop\finalproject\main.cpp(1269): warning C4244: 'argument': conversion from 'int' to 'float', possible loss of data
c:\users\student\desktop\finalproject\main.cpp(1502): warning C4244: '=': conversion from 'T' to 'T', possible loss of data
          with
          [
              T=float
          ]
          and
          [
              T=int
          ]
c:\users\student\desktop\finalproject\main.cpp(1503): warning C4244: '=': conversion from 'T' to 'T', possible loss of data
          with
          [
              T=float
          ]
          and
          [
              T=int
          ]
c:\users\student\desktop\finalproject\main.cpp(1687): warning C4244: 'argument': conversion from 'float' to 'int', possible loss of data
c:\users\student\desktop\finalproject\main.cpp(1720): warning C4244: 'argument': conversion from 'float' to 'int', possible loss of data
c:\users\student\desktop\finalproject\main.cpp(1760): warning C4244: 'argument': conversion from 'float' to 'int', possible loss of data
c:\users\student\desktop\finalproject\main.cpp(1792): warning C4244: 'argument': conversion from 'float' to 'int', possible loss of data
  FinalProject.vcxproj -> C:\Users\Student\Desktop\FinalProject\x64\Debug Dynamic\FinalProject.exe
